2025-02-09 11:30:09,362 [Worker-4: Loading available Gradle versions] INFO  o.e.b.c.i.u.g.PublishedGradleVersions - Gradle version information cache is not available. Remote download required.
2025-02-09 11:35:34,745 [Worker-2: Launching mavenrun-09e42fc7-00f7-4d75-8087-7ecc1dbec164] INFO  o.eclipse.m2e.core.internal.Bundles - getClasspathEntries(Bundle=org.eclipse.m2e.maven.runtime_3.9.900.20240824-1409 [641])
2025-02-09 11:35:34,748 [Worker-2: Launching mavenrun-09e42fc7-00f7-4d75-8087-7ecc1dbec164] INFO  o.eclipse.m2e.core.internal.Bundles - 	Entry: C:\Users\dell\Desktop\2025\eclipse-jee-2024-12-R-win32-x86_64\eclipse\plugins\org.eclipse.m2e.maven.runtime_3.9.900.20240824-1409
2025-02-09 11:35:34,748 [Worker-2: Launching mavenrun-09e42fc7-00f7-4d75-8087-7ecc1dbec164] INFO  o.eclipse.m2e.core.internal.Bundles - 	Entry: C:\Users\dell\Desktop\2025\eclipse-jee-2024-12-R-win32-x86_64\eclipse\plugins\org.eclipse.m2e.maven.runtime_3.9.900.20240824-1409\jars\aopalliance-1.0.jar
2025-02-09 11:35:34,749 [Worker-2: Launching mavenrun-09e42fc7-00f7-4d75-8087-7ecc1dbec164] INFO  o.eclipse.m2e.core.internal.Bundles - 	Entry: C:\Users\dell\Desktop\2025\eclipse-jee-2024-12-R-win32-x86_64\eclipse\plugins\org.eclipse.m2e.maven.runtime_3.9.900.20240824-1409\jars\guice-5.1.0.jar
2025-02-09 11:35:34,749 [Worker-2: Launching mavenrun-09e42fc7-00f7-4d75-8087-7ecc1dbec164] INFO  o.eclipse.m2e.core.internal.Bundles - 	Entry: C:\Users\dell\Desktop\2025\eclipse-jee-2024-12-R-win32-x86_64\eclipse\plugins\org.eclipse.m2e.maven.runtime_3.9.900.20240824-1409\jars\httpclient-4.5.14.jar
2025-02-09 11:35:34,749 [Worker-2: Launching mavenrun-09e42fc7-00f7-4d75-8087-7ecc1dbec164] INFO  o.eclipse.m2e.core.internal.Bundles - 	Entry: C:\Users\dell\Desktop\2025\eclipse-jee-2024-12-R-win32-x86_64\eclipse\plugins\org.eclipse.m2e.maven.runtime_3.9.900.20240824-1409\jars\httpcore-4.4.16.jar
2025-02-09 11:35:34,749 [Worker-2: Launching mavenrun-09e42fc7-00f7-4d75-8087-7ecc1dbec164] INFO  o.eclipse.m2e.core.internal.Bundles - 	Entry: C:\Users\dell\Desktop\2025\eclipse-jee-2024-12-R-win32-x86_64\eclipse\plugins\org.eclipse.m2e.maven.runtime_3.9.900.20240824-1409\jars\jansi-2.4.1.jar
2025-02-09 11:35:34,750 [Worker-2: Launching mavenrun-09e42fc7-00f7-4d75-8087-7ecc1dbec164] INFO  o.eclipse.m2e.core.internal.Bundles - 	Entry: C:\Users\dell\Desktop\2025\eclipse-jee-2024-12-R-win32-x86_64\eclipse\plugins\org.eclipse.m2e.maven.runtime_3.9.900.20240824-1409\jars\jcl-over-slf4j-1.7.36.jar
2025-02-09 11:35:34,750 [Worker-2: Launching mavenrun-09e42fc7-00f7-4d75-8087-7ecc1dbec164] INFO  o.eclipse.m2e.core.internal.Bundles - 	Entry: C:\Users\dell\Desktop\2025\eclipse-jee-2024-12-R-win32-x86_64\eclipse\plugins\org.eclipse.m2e.maven.runtime_3.9.900.20240824-1409\jars\maven-artifact-3.9.9.jar
2025-02-09 11:35:34,750 [Worker-2: Launching mavenrun-09e42fc7-00f7-4d75-8087-7ecc1dbec164] INFO  o.eclipse.m2e.core.internal.Bundles - 	Entry: C:\Users\dell\Desktop\2025\eclipse-jee-2024-12-R-win32-x86_64\eclipse\plugins\org.eclipse.m2e.maven.runtime_3.9.900.20240824-1409\jars\maven-builder-support-3.9.9.jar
2025-02-09 11:35:34,750 [Worker-2: Launching mavenrun-09e42fc7-00f7-4d75-8087-7ecc1dbec164] INFO  o.eclipse.m2e.core.internal.Bundles - 	Entry: C:\Users\dell\Desktop\2025\eclipse-jee-2024-12-R-win32-x86_64\eclipse\plugins\org.eclipse.m2e.maven.runtime_3.9.900.20240824-1409\jars\maven-compat-3.9.9.jar
2025-02-09 11:35:34,750 [Worker-2: Launching mavenrun-09e42fc7-00f7-4d75-8087-7ecc1dbec164] INFO  o.eclipse.m2e.core.internal.Bundles - 	Entry: C:\Users\dell\Desktop\2025\eclipse-jee-2024-12-R-win32-x86_64\eclipse\plugins\org.eclipse.m2e.maven.runtime_3.9.900.20240824-1409\jars\maven-core-3.9.9.jar
2025-02-09 11:35:34,750 [Worker-2: Launching mavenrun-09e42fc7-00f7-4d75-8087-7ecc1dbec164] INFO  o.eclipse.m2e.core.internal.Bundles - 	Entry: C:\Users\dell\Desktop\2025\eclipse-jee-2024-12-R-win32-x86_64\eclipse\plugins\org.eclipse.m2e.maven.runtime_3.9.900.20240824-1409\jars\maven-embedder-3.9.9.jar
2025-02-09 11:35:34,750 [Worker-2: Launching mavenrun-09e42fc7-00f7-4d75-8087-7ecc1dbec164] INFO  o.eclipse.m2e.core.internal.Bundles - 	Entry: C:\Users\dell\Desktop\2025\eclipse-jee-2024-12-R-win32-x86_64\eclipse\plugins\org.eclipse.m2e.maven.runtime_3.9.900.20240824-1409\jars\maven-model-3.9.9.jar
2025-02-09 11:35:34,751 [Worker-2: Launching mavenrun-09e42fc7-00f7-4d75-8087-7ecc1dbec164] INFO  o.eclipse.m2e.core.internal.Bundles - 	Entry: C:\Users\dell\Desktop\2025\eclipse-jee-2024-12-R-win32-x86_64\eclipse\plugins\org.eclipse.m2e.maven.runtime_3.9.900.20240824-1409\jars\maven-model-builder-3.9.9.jar
2025-02-09 11:35:34,751 [Worker-2: Launching mavenrun-09e42fc7-00f7-4d75-8087-7ecc1dbec164] INFO  o.eclipse.m2e.core.internal.Bundles - 	Entry: C:\Users\dell\Desktop\2025\eclipse-jee-2024-12-R-win32-x86_64\eclipse\plugins\org.eclipse.m2e.maven.runtime_3.9.900.20240824-1409\jars\maven-plugin-api-3.9.9.jar
2025-02-09 11:35:34,752 [Worker-2: Launching mavenrun-09e42fc7-00f7-4d75-8087-7ecc1dbec164] INFO  o.eclipse.m2e.core.internal.Bundles - 	Entry: C:\Users\dell\Desktop\2025\eclipse-jee-2024-12-R-win32-x86_64\eclipse\plugins\org.eclipse.m2e.maven.runtime_3.9.900.20240824-1409\jars\maven-repository-metadata-3.9.9.jar
2025-02-09 11:35:34,752 [Worker-2: Launching mavenrun-09e42fc7-00f7-4d75-8087-7ecc1dbec164] INFO  o.eclipse.m2e.core.internal.Bundles - 	Entry: C:\Users\dell\Desktop\2025\eclipse-jee-2024-12-R-win32-x86_64\eclipse\plugins\org.eclipse.m2e.maven.runtime_3.9.900.20240824-1409\jars\maven-resolver-api-1.9.22.jar
2025-02-09 11:35:34,752 [Worker-2: Launching mavenrun-09e42fc7-00f7-4d75-8087-7ecc1dbec164] INFO  o.eclipse.m2e.core.internal.Bundles - 	Entry: C:\Users\dell\Desktop\2025\eclipse-jee-2024-12-R-win32-x86_64\eclipse\plugins\org.eclipse.m2e.maven.runtime_3.9.900.20240824-1409\jars\maven-resolver-connector-basic-1.9.22.jar
2025-02-09 11:35:34,752 [Worker-2: Launching mavenrun-09e42fc7-00f7-4d75-8087-7ecc1dbec164] INFO  o.eclipse.m2e.core.internal.Bundles - 	Entry: C:\Users\dell\Desktop\2025\eclipse-jee-2024-12-R-win32-x86_64\eclipse\plugins\org.eclipse.m2e.maven.runtime_3.9.900.20240824-1409\jars\maven-resolver-impl-1.9.22.jar
2025-02-09 11:35:34,752 [Worker-2: Launching mavenrun-09e42fc7-00f7-4d75-8087-7ecc1dbec164] INFO  o.eclipse.m2e.core.internal.Bundles - 	Entry: C:\Users\dell\Desktop\2025\eclipse-jee-2024-12-R-win32-x86_64\eclipse\plugins\org.eclipse.m2e.maven.runtime_3.9.900.20240824-1409\jars\maven-resolver-named-locks-1.9.22.jar
2025-02-09 11:35:34,753 [Worker-2: Launching mavenrun-09e42fc7-00f7-4d75-8087-7ecc1dbec164] INFO  o.eclipse.m2e.core.internal.Bundles - 	Entry: C:\Users\dell\Desktop\2025\eclipse-jee-2024-12-R-win32-x86_64\eclipse\plugins\org.eclipse.m2e.maven.runtime_3.9.900.20240824-1409\jars\maven-resolver-provider-3.9.9.jar
2025-02-09 11:35:34,753 [Worker-2: Launching mavenrun-09e42fc7-00f7-4d75-8087-7ecc1dbec164] INFO  o.eclipse.m2e.core.internal.Bundles - 	Entry: C:\Users\dell\Desktop\2025\eclipse-jee-2024-12-R-win32-x86_64\eclipse\plugins\org.eclipse.m2e.maven.runtime_3.9.900.20240824-1409\jars\maven-resolver-spi-1.9.22.jar
2025-02-09 11:35:34,753 [Worker-2: Launching mavenrun-09e42fc7-00f7-4d75-8087-7ecc1dbec164] INFO  o.eclipse.m2e.core.internal.Bundles - 	Entry: C:\Users\dell\Desktop\2025\eclipse-jee-2024-12-R-win32-x86_64\eclipse\plugins\org.eclipse.m2e.maven.runtime_3.9.900.20240824-1409\jars\maven-resolver-transport-file-1.9.22.jar
2025-02-09 11:35:34,753 [Worker-2: Launching mavenrun-09e42fc7-00f7-4d75-8087-7ecc1dbec164] INFO  o.eclipse.m2e.core.internal.Bundles - 	Entry: C:\Users\dell\Desktop\2025\eclipse-jee-2024-12-R-win32-x86_64\eclipse\plugins\org.eclipse.m2e.maven.runtime_3.9.900.20240824-1409\jars\maven-resolver-transport-http-1.9.22.jar
2025-02-09 11:35:34,753 [Worker-2: Launching mavenrun-09e42fc7-00f7-4d75-8087-7ecc1dbec164] INFO  o.eclipse.m2e.core.internal.Bundles - 	Entry: C:\Users\dell\Desktop\2025\eclipse-jee-2024-12-R-win32-x86_64\eclipse\plugins\org.eclipse.m2e.maven.runtime_3.9.900.20240824-1409\jars\maven-resolver-transport-wagon-1.9.22.jar
2025-02-09 11:35:34,754 [Worker-2: Launching mavenrun-09e42fc7-00f7-4d75-8087-7ecc1dbec164] INFO  o.eclipse.m2e.core.internal.Bundles - 	Entry: C:\Users\dell\Desktop\2025\eclipse-jee-2024-12-R-win32-x86_64\eclipse\plugins\org.eclipse.m2e.maven.runtime_3.9.900.20240824-1409\jars\maven-resolver-util-1.9.22.jar
2025-02-09 11:35:34,754 [Worker-2: Launching mavenrun-09e42fc7-00f7-4d75-8087-7ecc1dbec164] INFO  o.eclipse.m2e.core.internal.Bundles - 	Entry: C:\Users\dell\Desktop\2025\eclipse-jee-2024-12-R-win32-x86_64\eclipse\plugins\org.eclipse.m2e.maven.runtime_3.9.900.20240824-1409\jars\maven-settings-3.9.9.jar
2025-02-09 11:35:34,754 [Worker-2: Launching mavenrun-09e42fc7-00f7-4d75-8087-7ecc1dbec164] INFO  o.eclipse.m2e.core.internal.Bundles - 	Entry: C:\Users\dell\Desktop\2025\eclipse-jee-2024-12-R-win32-x86_64\eclipse\plugins\org.eclipse.m2e.maven.runtime_3.9.900.20240824-1409\jars\maven-settings-builder-3.9.9.jar
2025-02-09 11:35:34,754 [Worker-2: Launching mavenrun-09e42fc7-00f7-4d75-8087-7ecc1dbec164] INFO  o.eclipse.m2e.core.internal.Bundles - 	Entry: C:\Users\dell\Desktop\2025\eclipse-jee-2024-12-R-win32-x86_64\eclipse\plugins\org.eclipse.m2e.maven.runtime_3.9.900.20240824-1409\jars\maven-shared-utils-3.4.2.jar
2025-02-09 11:35:34,754 [Worker-2: Launching mavenrun-09e42fc7-00f7-4d75-8087-7ecc1dbec164] INFO  o.eclipse.m2e.core.internal.Bundles - 	Entry: C:\Users\dell\Desktop\2025\eclipse-jee-2024-12-R-win32-x86_64\eclipse\plugins\org.eclipse.m2e.maven.runtime_3.9.900.20240824-1409\jars\org.eclipse.sisu.inject-0.9.0.M3.jar
2025-02-09 11:35:34,755 [Worker-2: Launching mavenrun-09e42fc7-00f7-4d75-8087-7ecc1dbec164] INFO  o.eclipse.m2e.core.internal.Bundles - 	Entry: C:\Users\dell\Desktop\2025\eclipse-jee-2024-12-R-win32-x86_64\eclipse\plugins\org.eclipse.m2e.maven.runtime_3.9.900.20240824-1409\jars\org.eclipse.sisu.plexus-0.9.0.M3.jar
2025-02-09 11:35:34,755 [Worker-2: Launching mavenrun-09e42fc7-00f7-4d75-8087-7ecc1dbec164] INFO  o.eclipse.m2e.core.internal.Bundles - 	Entry: C:\Users\dell\Desktop\2025\eclipse-jee-2024-12-R-win32-x86_64\eclipse\plugins\org.eclipse.m2e.maven.runtime_3.9.900.20240824-1409\jars\plexus-build-api-0.0.7.jar
2025-02-09 11:35:34,755 [Worker-2: Launching mavenrun-09e42fc7-00f7-4d75-8087-7ecc1dbec164] INFO  o.eclipse.m2e.core.internal.Bundles - 	Entry: C:\Users\dell\Desktop\2025\eclipse-jee-2024-12-R-win32-x86_64\eclipse\plugins\org.eclipse.m2e.maven.runtime_3.9.900.20240824-1409\jars\plexus-build-api-1.2.0.jar
2025-02-09 11:35:34,755 [Worker-2: Launching mavenrun-09e42fc7-00f7-4d75-8087-7ecc1dbec164] INFO  o.eclipse.m2e.core.internal.Bundles - 	Entry: C:\Users\dell\Desktop\2025\eclipse-jee-2024-12-R-win32-x86_64\eclipse\plugins\org.eclipse.m2e.maven.runtime_3.9.900.20240824-1409\jars\plexus-cipher-2.0.jar
2025-02-09 11:35:34,755 [Worker-2: Launching mavenrun-09e42fc7-00f7-4d75-8087-7ecc1dbec164] INFO  o.eclipse.m2e.core.internal.Bundles - 	Entry: C:\Users\dell\Desktop\2025\eclipse-jee-2024-12-R-win32-x86_64\eclipse\plugins\org.eclipse.m2e.maven.runtime_3.9.900.20240824-1409\jars\plexus-classworlds-2.8.0.jar
2025-02-09 11:35:34,755 [Worker-2: Launching mavenrun-09e42fc7-00f7-4d75-8087-7ecc1dbec164] INFO  o.eclipse.m2e.core.internal.Bundles - 	Entry: C:\Users\dell\Desktop\2025\eclipse-jee-2024-12-R-win32-x86_64\eclipse\plugins\org.eclipse.m2e.maven.runtime_3.9.900.20240824-1409\jars\plexus-component-annotations-2.1.0.jar
2025-02-09 11:35:34,756 [Worker-2: Launching mavenrun-09e42fc7-00f7-4d75-8087-7ecc1dbec164] INFO  o.eclipse.m2e.core.internal.Bundles - 	Entry: C:\Users\dell\Desktop\2025\eclipse-jee-2024-12-R-win32-x86_64\eclipse\plugins\org.eclipse.m2e.maven.runtime_3.9.900.20240824-1409\jars\plexus-interpolation-1.27.jar
2025-02-09 11:35:34,756 [Worker-2: Launching mavenrun-09e42fc7-00f7-4d75-8087-7ecc1dbec164] INFO  o.eclipse.m2e.core.internal.Bundles - 	Entry: C:\Users\dell\Desktop\2025\eclipse-jee-2024-12-R-win32-x86_64\eclipse\plugins\org.eclipse.m2e.maven.runtime_3.9.900.20240824-1409\jars\plexus-sec-dispatcher-2.0.jar
2025-02-09 11:35:34,756 [Worker-2: Launching mavenrun-09e42fc7-00f7-4d75-8087-7ecc1dbec164] INFO  o.eclipse.m2e.core.internal.Bundles - 	Entry: C:\Users\dell\Desktop\2025\eclipse-jee-2024-12-R-win32-x86_64\eclipse\plugins\org.eclipse.m2e.maven.runtime_3.9.900.20240824-1409\jars\plexus-utils-3.5.1.jar
2025-02-09 11:35:34,756 [Worker-2: Launching mavenrun-09e42fc7-00f7-4d75-8087-7ecc1dbec164] INFO  o.eclipse.m2e.core.internal.Bundles - 	Entry: C:\Users\dell\Desktop\2025\eclipse-jee-2024-12-R-win32-x86_64\eclipse\plugins\org.eclipse.m2e.maven.runtime_3.9.900.20240824-1409\jars\plexus-xml-3.0.1.jar
2025-02-09 11:35:34,756 [Worker-2: Launching mavenrun-09e42fc7-00f7-4d75-8087-7ecc1dbec164] INFO  o.eclipse.m2e.core.internal.Bundles - 	Entry: C:\Users\dell\Desktop\2025\eclipse-jee-2024-12-R-win32-x86_64\eclipse\plugins\org.eclipse.m2e.maven.runtime_3.9.900.20240824-1409\jars\wagon-file-3.5.3.jar
2025-02-09 11:35:34,756 [Worker-2: Launching mavenrun-09e42fc7-00f7-4d75-8087-7ecc1dbec164] INFO  o.eclipse.m2e.core.internal.Bundles - 	Entry: C:\Users\dell\Desktop\2025\eclipse-jee-2024-12-R-win32-x86_64\eclipse\plugins\org.eclipse.m2e.maven.runtime_3.9.900.20240824-1409\jars\wagon-http-3.5.3.jar
2025-02-09 11:35:34,757 [Worker-2: Launching mavenrun-09e42fc7-00f7-4d75-8087-7ecc1dbec164] INFO  o.eclipse.m2e.core.internal.Bundles - 	Entry: C:\Users\dell\Desktop\2025\eclipse-jee-2024-12-R-win32-x86_64\eclipse\plugins\org.eclipse.m2e.maven.runtime_3.9.900.20240824-1409\jars\wagon-http-shared-3.5.3.jar
2025-02-09 11:35:34,757 [Worker-2: Launching mavenrun-09e42fc7-00f7-4d75-8087-7ecc1dbec164] INFO  o.eclipse.m2e.core.internal.Bundles - 	Entry: C:\Users\dell\Desktop\2025\eclipse-jee-2024-12-R-win32-x86_64\eclipse\plugins\org.eclipse.m2e.maven.runtime_3.9.900.20240824-1409\jars\wagon-provider-api-3.5.3.jar
2025-02-09 11:35:34,758 [Worker-2: Launching mavenrun-09e42fc7-00f7-4d75-8087-7ecc1dbec164] INFO  o.eclipse.m2e.core.internal.Bundles - getClasspathEntries(Bundle=com.google.guava_33.3.1.jre [16])
2025-02-09 11:35:34,759 [Worker-2: Launching mavenrun-09e42fc7-00f7-4d75-8087-7ecc1dbec164] INFO  o.eclipse.m2e.core.internal.Bundles - 	Entry: C:\Users\dell\Desktop\2025\eclipse-jee-2024-12-R-win32-x86_64\eclipse\plugins\com.google.guava_33.3.1.jre.jar
2025-02-09 11:35:34,759 [Worker-2: Launching mavenrun-09e42fc7-00f7-4d75-8087-7ecc1dbec164] INFO  o.eclipse.m2e.core.internal.Bundles - getClasspathEntries(Bundle=slf4j.api_2.0.16 [1008])
2025-02-09 11:35:34,759 [Worker-2: Launching mavenrun-09e42fc7-00f7-4d75-8087-7ecc1dbec164] INFO  o.eclipse.m2e.core.internal.Bundles - 	Entry: C:\Users\dell\Desktop\2025\eclipse-jee-2024-12-R-win32-x86_64\eclipse\plugins\slf4j.api_2.0.16.jar
2025-02-09 11:35:34,759 [Worker-2: Launching mavenrun-09e42fc7-00f7-4d75-8087-7ecc1dbec164] INFO  o.eclipse.m2e.core.internal.Bundles - getClasspathEntries(Bundle=jakarta.inject.jakarta.inject-api_1.0.5 [34])
2025-02-09 11:35:34,760 [Worker-2: Launching mavenrun-09e42fc7-00f7-4d75-8087-7ecc1dbec164] INFO  o.eclipse.m2e.core.internal.Bundles - 	Entry: C:\Users\dell\Desktop\2025\eclipse-jee-2024-12-R-win32-x86_64\eclipse\plugins\jakarta.inject.jakarta.inject-api_1.0.5.jar
2025-02-09 11:35:34,760 [Worker-2: Launching mavenrun-09e42fc7-00f7-4d75-8087-7ecc1dbec164] INFO  o.eclipse.m2e.core.internal.Bundles - getClasspathEntries(Bundle=jakarta.annotation-api_1.3.5 [29])
2025-02-09 11:35:34,760 [Worker-2: Launching mavenrun-09e42fc7-00f7-4d75-8087-7ecc1dbec164] INFO  o.eclipse.m2e.core.internal.Bundles - 	Entry: C:\Users\dell\Desktop\2025\eclipse-jee-2024-12-R-win32-x86_64\eclipse\plugins\jakarta.annotation-api_1.3.5.jar
2025-02-09 11:35:34,760 [Worker-2: Launching mavenrun-09e42fc7-00f7-4d75-8087-7ecc1dbec164] INFO  o.eclipse.m2e.core.internal.Bundles - getClasspathEntries(Bundle=org.apache.commons.cli_1.9.0 [75])
2025-02-09 11:35:34,761 [Worker-2: Launching mavenrun-09e42fc7-00f7-4d75-8087-7ecc1dbec164] INFO  o.eclipse.m2e.core.internal.Bundles - 	Entry: C:\Users\dell\Desktop\2025\eclipse-jee-2024-12-R-win32-x86_64\eclipse\plugins\org.apache.commons.cli_1.9.0.jar
2025-02-09 11:35:34,761 [Worker-2: Launching mavenrun-09e42fc7-00f7-4d75-8087-7ecc1dbec164] INFO  o.eclipse.m2e.core.internal.Bundles - getClasspathEntries(Bundle=org.apache.commons.commons-codec_1.16.0 [78])
2025-02-09 11:35:34,762 [Worker-2: Launching mavenrun-09e42fc7-00f7-4d75-8087-7ecc1dbec164] INFO  o.eclipse.m2e.core.internal.Bundles - 	Entry: C:\Users\dell\Desktop\2025\eclipse-jee-2024-12-R-win32-x86_64\eclipse\plugins\org.apache.commons.commons-codec_1.16.0.jar
2025-02-09 11:35:34,762 [Worker-2: Launching mavenrun-09e42fc7-00f7-4d75-8087-7ecc1dbec164] INFO  o.eclipse.m2e.core.internal.Bundles - getClasspathEntries(Bundle=com.google.guava.failureaccess_1.0.2 [17])
2025-02-09 11:35:34,762 [Worker-2: Launching mavenrun-09e42fc7-00f7-4d75-8087-7ecc1dbec164] INFO  o.eclipse.m2e.core.internal.Bundles - 	Entry: C:\Users\dell\Desktop\2025\eclipse-jee-2024-12-R-win32-x86_64\eclipse\plugins\com.google.guava.failureaccess_1.0.2.jar
2025-02-09 11:35:35,012 [Worker-2: Launching mavenrun-09e42fc7-00f7-4d75-8087-7ecc1dbec164] INFO  o.e.m.i.launch.MavenLaunchDelegate - Run build in "C:\Users\dell\AppData\Local\Temp\m2e-archetypeGenerator11990613458358894276":
2025-02-09 11:35:35,017 [Worker-2: Launching mavenrun-09e42fc7-00f7-4d75-8087-7ecc1dbec164] INFO  o.e.m.i.launch.MavenLaunchDelegate -  mvn  -DjavaCompilerVersion=17 -DjunitVersion=5.11.0 -DarchetypeGroupId=org.apache.maven.archetypes -DarchetypeArtifactId=maven-archetype-quickstart -DarchetypeVersion=1.5 -DgroupId=tmp -DartifactId=login -Dversion=0.0.1-SNAPSHOT -Dpackage=tmp.login -DoutputDirectory=C:\Users\dell\Desktop\login -Dstyle.color=always -U archetype:generate
2025-02-09 11:36:47,384 [Worker-9: Creating maven-archetype-quickstart] INFO  o.e.m.c.i.p.ProjectConfigurationManager - Collecting project info '/pom.xml' C:\Users\dell\Desktop\login\login\pom.xml
2025-02-09 11:36:53,365 [Worker-9: Creating maven-archetype-quickstart] INFO  o.e.m.c.i.l.LifecycleMappingFactory - Using org.eclipse.m2e.jdt.JarLifecycleMapping lifecycle mapping for MavenProject: tmp:login:0.0.1-SNAPSHOT @ C:\Users\dell\Desktop\login\login\pom.xml.
2025-02-09 11:36:56,809 [Worker-9: Creating maven-archetype-quickstart] INFO  o.e.m.j.i.AbstractJavaProjectConfigurator - Adding source folder /login/src/main/java
2025-02-09 11:36:56,811 [Worker-9: Creating maven-archetype-quickstart] INFO  o.e.m.j.i.AbstractJavaProjectConfigurator - Adding resource folder /login/src/main/resources
2025-02-09 11:36:56,850 [Worker-9: Creating maven-archetype-quickstart] INFO  o.e.m.j.i.AbstractJavaProjectConfigurator - Adding source folder /login/src/test/java
2025-02-09 11:36:56,851 [Worker-9: Creating maven-archetype-quickstart] INFO  o.e.m.j.i.AbstractJavaProjectConfigurator - Adding resource folder /login/src/test/resources
2025-02-09 11:36:57,695 [Worker-9: Creating maven-archetype-quickstart] INFO  o.e.m.c.i.p.ProjectConfigurationManager - Imported and configured 1 project(s) in 10 sec
2025-02-09 11:37:00,173 [Worker-2: Building] INFO  o.a.m.s.f.DefaultMavenResourcesFiltering - skip non existing resourceDirectory C:\Users\dell\Desktop\login\login\src\main\resources
2025-02-09 11:37:00,177 [Worker-2: Building] INFO  o.a.m.s.f.DefaultMavenResourcesFiltering - skip non existing resourceDirectory C:\Users\dell\Desktop\login\login\src\test\resources
2025-02-09 11:45:15,738 [Worker-16: Building] INFO  o.a.m.s.f.DefaultMavenResourcesFiltering - skip non existing resourceDirectory C:\Users\dell\Desktop\login\login\src\main\resources
2025-02-09 11:45:15,748 [Worker-16: Building] INFO  o.a.m.s.f.DefaultMavenResourcesFiltering - skip non existing resourceDirectory C:\Users\dell\Desktop\login\login\src\test\resources
2025-02-09 11:45:24,392 [Worker-18: Building] INFO  o.a.m.s.f.DefaultMavenResourcesFiltering - skip non existing resourceDirectory C:\Users\dell\Desktop\login\login\src\main\resources
2025-02-09 11:45:24,399 [Worker-18: Building] INFO  o.a.m.s.f.DefaultMavenResourcesFiltering - skip non existing resourceDirectory C:\Users\dell\Desktop\login\login\src\test\resources
2025-02-09 11:55:43,600 [Worker-20: Building] INFO  o.a.m.s.f.DefaultMavenResourcesFiltering - skip non existing resourceDirectory C:\Users\dell\Desktop\login\login\src\main\resources
2025-02-09 11:55:43,670 [Worker-20: Building] INFO  o.a.m.s.f.DefaultMavenResourcesFiltering - Copying 0 resource from src\test\resources to target\test-classes
2025-02-09 11:56:25,461 [Worker-22: Building] INFO  o.a.m.s.f.DefaultMavenResourcesFiltering - skip non existing resourceDirectory C:\Users\dell\Desktop\login\login\src\main\resources
2025-02-09 11:56:25,476 [Worker-22: Building] INFO  o.a.m.s.f.DefaultMavenResourcesFiltering - Copying 0 resource from src\test\resources to target\test-classes
2025-02-09 11:56:55,682 [Worker-22: Building] INFO  o.a.m.s.f.DefaultMavenResourcesFiltering - skip non existing resourceDirectory C:\Users\dell\Desktop\login\login\src\main\resources
2025-02-09 11:56:55,693 [Worker-22: Building] INFO  o.a.m.s.f.DefaultMavenResourcesFiltering - Copying 0 resource from src\test\resources to target\test-classes
2025-02-09 11:57:37,302 [Worker-20: Building] INFO  o.a.m.s.f.DefaultMavenResourcesFiltering - skip non existing resourceDirectory C:\Users\dell\Desktop\login\login\src\main\resources
2025-02-09 11:57:37,319 [Worker-20: Building] INFO  o.a.m.s.f.DefaultMavenResourcesFiltering - Copying 0 resource from src\test\resources to target\test-classes
2025-02-09 11:58:50,271 [Worker-21: Building] INFO  o.a.m.s.f.DefaultMavenResourcesFiltering - skip non existing resourceDirectory C:\Users\dell\Desktop\login\login\src\main\resources
2025-02-09 11:58:50,276 [Worker-21: Building] INFO  o.a.m.s.f.DefaultMavenResourcesFiltering - Copying 0 resource from src\test\resources to target\test-classes
2025-02-09 11:59:06,745 [Worker-22: Building] INFO  o.a.m.s.f.DefaultMavenResourcesFiltering - skip non existing resourceDirectory C:\Users\dell\Desktop\login\login\src\main\resources
2025-02-09 11:59:06,755 [Worker-22: Building] INFO  o.a.m.s.f.DefaultMavenResourcesFiltering - Copying 0 resource from src\test\resources to target\test-classes
2025-02-09 11:59:18,901 [Worker-17: Building] INFO  o.a.m.s.f.DefaultMavenResourcesFiltering - skip non existing resourceDirectory C:\Users\dell\Desktop\login\login\src\main\resources
2025-02-09 11:59:18,909 [Worker-17: Building] INFO  o.a.m.s.f.DefaultMavenResourcesFiltering - Copying 0 resource from src\test\resources to target\test-classes
2025-02-09 12:00:32,771 [Worker-21: Building] INFO  o.a.m.s.f.DefaultMavenResourcesFiltering - skip non existing resourceDirectory C:\Users\dell\Desktop\login\login\src\main\resources
2025-02-09 12:00:32,776 [Worker-21: Building] INFO  o.a.m.s.f.DefaultMavenResourcesFiltering - Copying 0 resource from src\test\resources to target\test-classes
2025-02-09 12:02:16,156 [Worker-22: Building] INFO  o.a.m.s.f.DefaultMavenResourcesFiltering - skip non existing resourceDirectory C:\Users\dell\Desktop\login\login\src\main\resources
2025-02-09 12:02:16,160 [Worker-22: Building] INFO  o.a.m.s.f.DefaultMavenResourcesFiltering - Copying 0 resource from src\test\resources to target\test-classes
2025-02-09 12:02:33,111 [Worker-24: Building] INFO  o.a.m.s.f.DefaultMavenResourcesFiltering - skip non existing resourceDirectory C:\Users\dell\Desktop\login\login\src\main\resources
2025-02-09 12:02:33,117 [Worker-24: Building] INFO  o.a.m.s.f.DefaultMavenResourcesFiltering - Copying 0 resource from src\test\resources to target\test-classes
2025-02-09 12:06:15,958 [Worker-22: Building] INFO  o.a.m.s.f.DefaultMavenResourcesFiltering - skip non existing resourceDirectory C:\Users\dell\Desktop\login\login\src\main\resources
2025-02-09 12:06:15,962 [Worker-22: Building] INFO  o.a.m.s.f.DefaultMavenResourcesFiltering - Copying 0 resource from src\test\resources to target\test-classes
2025-02-09 12:09:57,278 [Worker-25: Building] INFO  o.e.m.c.i.l.LifecycleMappingFactory - Using org.eclipse.m2e.jdt.JarLifecycleMapping lifecycle mapping for MavenProject: tmp:login:0.0.1-SNAPSHOT @ C:\Users\dell\Desktop\login\login\pom.xml.
2025-02-09 12:10:11,915 [Worker-25: Building] INFO  o.a.m.s.f.DefaultMavenResourcesFiltering - skip non existing resourceDirectory C:\Users\dell\Desktop\login\login\src\main\resources
2025-02-09 12:10:11,923 [Worker-25: Building] INFO  o.a.m.s.f.DefaultMavenResourcesFiltering - Copying 0 resource from src\test\resources to target\test-classes
2025-02-09 12:10:23,738 [Worker-23: Building] INFO  o.a.m.s.f.DefaultMavenResourcesFiltering - skip non existing resourceDirectory C:\Users\dell\Desktop\login\login\src\main\resources
2025-02-09 12:10:23,796 [Worker-23: Building] INFO  o.a.m.s.f.DefaultMavenResourcesFiltering - Copying 0 resource from src\test\resources to target\test-classes
2025-02-09 12:11:14,183 [Worker-26: Building] INFO  o.a.m.s.f.DefaultMavenResourcesFiltering - skip non existing resourceDirectory C:\Users\dell\Desktop\login\login\src\main\resources
2025-02-09 12:11:14,227 [Worker-26: Building] INFO  o.a.m.s.f.DefaultMavenResourcesFiltering - Copying 0 resource from src\test\resources to target\test-classes
2025-02-09 12:12:38,206 [Worker-23: Building] INFO  o.a.m.s.f.DefaultMavenResourcesFiltering - skip non existing resourceDirectory C:\Users\dell\Desktop\login\login\src\main\resources
2025-02-09 12:12:38,211 [Worker-23: Building] INFO  o.a.m.s.f.DefaultMavenResourcesFiltering - Copying 0 resource from src\test\resources to target\test-classes
2025-02-09 12:13:52,051 [Worker-26: Building] INFO  o.a.m.s.f.DefaultMavenResourcesFiltering - skip non existing resourceDirectory C:\Users\dell\Desktop\login\login\src\main\resources
2025-02-09 12:13:52,056 [Worker-26: Building] INFO  o.a.m.s.f.DefaultMavenResourcesFiltering - Copying 0 resource from src\test\resources to target\test-classes
2025-02-09 12:15:57,180 [Worker-27: Building] INFO  o.a.m.s.f.DefaultMavenResourcesFiltering - skip non existing resourceDirectory C:\Users\dell\Desktop\login\login\src\main\resources
2025-02-09 12:15:57,185 [Worker-27: Building] INFO  o.a.m.s.f.DefaultMavenResourcesFiltering - Copying 0 resource from src\test\resources to target\test-classes
2025-02-09 12:16:12,659 [Worker-29: Building] INFO  o.a.m.s.f.DefaultMavenResourcesFiltering - skip non existing resourceDirectory C:\Users\dell\Desktop\login\login\src\main\resources
2025-02-09 12:16:12,665 [Worker-29: Building] INFO  o.a.m.s.f.DefaultMavenResourcesFiltering - Copying 0 resource from src\test\resources to target\test-classes
2025-02-09 12:17:11,730 [Worker-30: Building] INFO  o.a.m.s.f.DefaultMavenResourcesFiltering - skip non existing resourceDirectory C:\Users\dell\Desktop\login\login\src\main\resources
2025-02-09 12:17:11,777 [Worker-30: Building] INFO  o.a.m.s.f.DefaultMavenResourcesFiltering - Copying 0 resource from src\test\resources to target\test-classes
2025-02-09 12:18:03,246 [Worker-30: Building] INFO  o.a.m.s.f.DefaultMavenResourcesFiltering - skip non existing resourceDirectory C:\Users\dell\Desktop\login\login\src\main\resources
2025-02-09 12:18:03,251 [Worker-30: Building] INFO  o.a.m.s.f.DefaultMavenResourcesFiltering - Copying 0 resource from src\test\resources to target\test-classes
2025-02-09 12:18:46,569 [Worker-29: Building] INFO  o.a.m.s.f.DefaultMavenResourcesFiltering - skip non existing resourceDirectory C:\Users\dell\Desktop\login\login\src\main\resources
2025-02-09 12:18:46,574 [Worker-29: Building] INFO  o.a.m.s.f.DefaultMavenResourcesFiltering - Copying 0 resource from src\test\resources to target\test-classes
2025-02-09 12:19:10,875 [Worker-20: Building] INFO  o.a.m.s.f.DefaultMavenResourcesFiltering - skip non existing resourceDirectory C:\Users\dell\Desktop\login\login\src\main\resources
2025-02-09 12:19:10,882 [Worker-20: Building] INFO  o.a.m.s.f.DefaultMavenResourcesFiltering - Copying 0 resource from src\test\resources to target\test-classes
2025-02-09 12:19:25,583 [Worker-30: Building] INFO  o.a.m.s.f.DefaultMavenResourcesFiltering - skip non existing resourceDirectory C:\Users\dell\Desktop\login\login\src\main\resources
2025-02-09 12:19:25,588 [Worker-30: Building] INFO  o.a.m.s.f.DefaultMavenResourcesFiltering - Copying 0 resource from src\test\resources to target\test-classes
2025-02-09 12:20:46,687 [Worker-23: Building] INFO  o.a.m.s.f.DefaultMavenResourcesFiltering - skip non existing resourceDirectory C:\Users\dell\Desktop\login\login\src\main\resources
2025-02-09 12:20:46,695 [Worker-23: Building] INFO  o.a.m.s.f.DefaultMavenResourcesFiltering - Copying 0 resource from src\test\resources to target\test-classes
2025-02-09 12:22:29,081 [Worker-23: Building] INFO  o.a.m.s.f.DefaultMavenResourcesFiltering - skip non existing resourceDirectory C:\Users\dell\Desktop\login\login\src\main\resources
2025-02-09 12:22:29,087 [Worker-23: Building] INFO  o.a.m.s.f.DefaultMavenResourcesFiltering - Copying 0 resource from src\test\resources to target\test-classes
2025-02-09 12:24:37,007 [Worker-30: Building] INFO  o.a.m.s.f.DefaultMavenResourcesFiltering - skip non existing resourceDirectory C:\Users\dell\Desktop\login\login\src\main\resources
2025-02-09 12:24:37,010 [Worker-30: Building] INFO  o.a.m.s.f.DefaultMavenResourcesFiltering - Copying 0 resource from src\test\resources to target\test-classes
2025-02-09 12:27:47,260 [Worker-25: Building] INFO  o.a.m.s.f.DefaultMavenResourcesFiltering - skip non existing resourceDirectory C:\Users\dell\Desktop\login\login\src\main\resources
2025-02-09 12:27:47,263 [Worker-25: Building] INFO  o.a.m.s.f.DefaultMavenResourcesFiltering - Copying 0 resource from src\test\resources to target\test-classes
2025-02-09 12:29:39,714 [Worker-25: Building] INFO  o.a.m.s.f.DefaultMavenResourcesFiltering - skip non existing resourceDirectory C:\Users\dell\Desktop\login\login\src\main\resources
2025-02-09 12:29:39,736 [Worker-25: Building] INFO  o.a.m.s.f.DefaultMavenResourcesFiltering - skip non existing resourceDirectory C:\Users\dell\Desktop\login\login\src\test\resources
2025-02-09 12:32:11,036 [Worker-32: Building] INFO  o.a.m.s.f.DefaultMavenResourcesFiltering - skip non existing resourceDirectory C:\Users\dell\Desktop\login\login\src\main\resources
2025-02-09 12:32:11,040 [Worker-32: Building] INFO  o.a.m.s.f.DefaultMavenResourcesFiltering - Copying 1 resource from src\test\resources to target\test-classes
2025-02-09 12:33:07,783 [main] INFO  o.e.m.jdt.internal.UnitTestSupport - Updating login_src.test.resources.testng.xml from maven configuration
2025-02-09 12:33:21,743 [Worker-25: Launching login_src.test.resources.testng.xml] INFO  o.a.m.s.f.DefaultMavenResourcesFiltering - skip non existing resourceDirectory C:\Users\dell\Desktop\login\login\src\main\resources
2025-02-09 12:33:21,746 [Worker-25: Launching login_src.test.resources.testng.xml] INFO  o.a.m.s.f.DefaultMavenResourcesFiltering - Copying 0 resource from src\test\resources to target\test-classes
2025-02-09 12:39:49,991 [Worker-34: Building] INFO  o.a.m.s.f.DefaultMavenResourcesFiltering - skip non existing resourceDirectory C:\Users\dell\Desktop\login\login\src\main\resources
2025-02-09 12:39:50,070 [Worker-34: Building] INFO  o.a.m.s.f.DefaultMavenResourcesFiltering - Copying 1 resource from src\test\resources to target\test-classes
2025-02-09 13:02:56,796 [Worker-35: Building] INFO  o.a.m.s.f.DefaultMavenResourcesFiltering - skip non existing resourceDirectory C:\Users\dell\Desktop\login\login\src\main\resources
2025-02-09 13:02:56,842 [Worker-35: Building] INFO  o.a.m.s.f.DefaultMavenResourcesFiltering - Copying 1 resource from src\test\resources to target\test-classes
2025-02-09 13:03:17,009 [Worker-45: Building] INFO  o.a.m.s.f.DefaultMavenResourcesFiltering - skip non existing resourceDirectory C:\Users\dell\Desktop\login\login\src\main\resources
2025-02-09 13:03:17,012 [Worker-45: Building] INFO  o.a.m.s.f.DefaultMavenResourcesFiltering - Copying 1 resource from src\test\resources to target\test-classes
2025-02-09 13:12:17,019 [Worker-47: Building] INFO  o.a.m.s.f.DefaultMavenResourcesFiltering - skip non existing resourceDirectory C:\Users\dell\Desktop\login\login\src\main\resources
2025-02-09 13:12:17,022 [Worker-47: Building] INFO  o.a.m.s.f.DefaultMavenResourcesFiltering - Copying 2 resources from src\test\resources to target\test-classes
2025-02-09 13:13:10,610 [Worker-50: Building] INFO  o.a.m.s.f.DefaultMavenResourcesFiltering - skip non existing resourceDirectory C:\Users\dell\Desktop\login\login\src\main\resources
2025-02-09 13:13:10,616 [Worker-50: Building] INFO  o.a.m.s.f.DefaultMavenResourcesFiltering - Copying 2 resources from src\test\resources to target\test-classes
2025-02-09 13:13:14,882 [Worker-52: Building] INFO  o.a.m.s.f.DefaultMavenResourcesFiltering - skip non existing resourceDirectory C:\Users\dell\Desktop\login\login\src\main\resources
2025-02-09 13:13:14,888 [Worker-52: Building] INFO  o.a.m.s.f.DefaultMavenResourcesFiltering - Copying 2 resources from src\test\resources to target\test-classes
2025-02-09 13:15:10,215 [Worker-50: Building] INFO  o.a.m.s.f.DefaultMavenResourcesFiltering - skip non existing resourceDirectory C:\Users\dell\Desktop\login\login\src\main\resources
2025-02-09 13:15:10,221 [Worker-50: Building] INFO  o.a.m.s.f.DefaultMavenResourcesFiltering - Copying 2 resources from src\test\resources to target\test-classes
2025-02-09 13:15:57,559 [Worker-51: Building] INFO  o.a.m.s.f.DefaultMavenResourcesFiltering - skip non existing resourceDirectory C:\Users\dell\Desktop\login\login\src\main\resources
2025-02-09 13:15:57,562 [Worker-51: Building] INFO  o.a.m.s.f.DefaultMavenResourcesFiltering - Copying 2 resources from src\test\resources to target\test-classes
2025-02-09 13:16:42,335 [Worker-47: Building] INFO  o.a.m.s.f.DefaultMavenResourcesFiltering - skip non existing resourceDirectory C:\Users\dell\Desktop\login\login\src\main\resources
2025-02-09 13:16:42,338 [Worker-47: Building] INFO  o.a.m.s.f.DefaultMavenResourcesFiltering - Copying 2 resources from src\test\resources to target\test-classes
2025-02-09 13:17:20,798 [Worker-51: Building] INFO  o.a.m.s.f.DefaultMavenResourcesFiltering - skip non existing resourceDirectory C:\Users\dell\Desktop\login\login\src\main\resources
2025-02-09 13:17:20,802 [Worker-51: Building] INFO  o.a.m.s.f.DefaultMavenResourcesFiltering - Copying 2 resources from src\test\resources to target\test-classes
2025-02-09 13:18:11,503 [Worker-47: Building] INFO  o.a.m.s.f.DefaultMavenResourcesFiltering - skip non existing resourceDirectory C:\Users\dell\Desktop\login\login\src\main\resources
2025-02-09 13:18:11,507 [Worker-47: Building] INFO  o.a.m.s.f.DefaultMavenResourcesFiltering - Copying 2 resources from src\test\resources to target\test-classes
2025-02-09 13:18:56,066 [Worker-51: Building] INFO  o.a.m.s.f.DefaultMavenResourcesFiltering - skip non existing resourceDirectory C:\Users\dell\Desktop\login\login\src\main\resources
2025-02-09 13:18:56,070 [Worker-51: Building] INFO  o.a.m.s.f.DefaultMavenResourcesFiltering - Copying 2 resources from src\test\resources to target\test-classes
2025-02-09 13:19:36,717 [main] INFO  o.e.m.jdt.internal.UnitTestSupport - Updating Login.verifyLoginWithValidCredentials from maven configuration
2025-02-09 13:24:30,900 [Worker-53: Building] INFO  o.a.m.s.f.DefaultMavenResourcesFiltering - skip non existing resourceDirectory C:\Users\dell\Desktop\login\login\src\main\resources
2025-02-09 13:24:30,991 [Worker-53: Building] INFO  o.a.m.s.f.DefaultMavenResourcesFiltering - Copying 0 resource from src\test\resources to target\test-classes
